2025-10-06 22:49:35,854 - INFO - Solving system with matrix A of shape (3, 4) and vector b of shape (3,)
2025-10-06 22:49:35,856 - INFO - P is: [[0. 0. 1.]
 [0. 1. 0.]
 [1. 0. 0.]]
2025-10-06 22:49:35,857 - INFO - A is: [[ 1.  2.  2.  2.]
 [ 2.  4.  6.  8.]
 [ 3.  6.  8. 10.]]
2025-10-06 22:49:35,857 - INFO - Q is: [[0. 0. 0. 1.]
 [0. 1. 0. 0.]
 [0. 0. 1. 0.]
 [1. 0. 0. 0.]]
2025-10-06 22:49:35,857 - INFO - L is: [[ 1.   0. ]
 [ 0.8  1. ]
 [ 0.2 -1. ]]
2025-10-06 22:49:35,857 - INFO - U is: [[10.   6.   8.   3. ]
 [ 0.  -0.8 -0.4 -0.4]]
2025-10-06 22:49:35,857 - INFO - Decomposition complete. Rank: 2
2025-10-06 22:49:35,857 - INFO - L11 is: [[1.  0. ]
 [0.8 1. ]]
2025-10-06 22:49:35,857 - INFO - U11 is: [[10.   6. ]
 [ 0.  -0.8]]
2025-10-06 22:49:35,857 - INFO - U12 is: [[ 8.   3. ]
 [-0.4 -0.4]]
2025-10-06 22:49:35,857 - INFO - Permuted b (Pb) is: [6. 5. 1.]
2025-10-06 22:49:35,857 - INFO - Intermediate solution y after forward substitution is: [6.  0.2]
2025-10-06 22:49:35,857 - INFO - Basic solution x_basic after back substitution is: [ 0.75 -0.25]
2025-10-06 22:49:35,857 - INFO - Initialized x_perm with zeros: [0. 0. 0. 0.]
2025-10-06 22:49:35,858 - INFO - x_perm after assigning x_basic: [ 0.75 -0.25  0.    0.  ]
2025-10-06 22:49:35,858 - INFO - Particular solution x_particular after unpermuting: [ 0.   -0.25  0.    0.75]
2025-10-06 22:49:35,858 - INFO - Nullspace dimension (k) is: 2
2025-10-06 22:49:35,858 - INFO - Initialized N_perm with zeros: [[0. 0.]
 [0. 0.]
 [0. 0.]
 [0. 0.]]
2025-10-06 22:49:35,858 - INFO - RHS for nullspace computation (rhs_ns) for free variable 0 is: [-8.   0.4]
2025-10-06 22:49:35,858 - INFO - Solution w for free variable 0 is: [-0.5 -0.5]
2025-10-06 22:49:35,858 - INFO - Column for nullspace basis before setting free variable 0 is: [-0.5 -0.5  0.   0. ]
2025-10-06 22:49:35,858 - INFO - Column for nullspace basis after setting free variable 0 is: [-0.5 -0.5  1.   0. ]
2025-10-06 22:49:35,858 - INFO - N_perm after setting column for free variable 0 is: [[-0.5  0. ]
 [-0.5  0. ]
 [ 1.   0. ]
 [ 0.   0. ]]
2025-10-06 22:49:35,858 - INFO - RHS for nullspace computation (rhs_ns) for free variable 1 is: [-3.   0.4]
2025-10-06 22:49:35,858 - INFO - Solution w for free variable 1 is: [ 0.  -0.5]
2025-10-06 22:49:35,858 - INFO - Column for nullspace basis before setting free variable 1 is: [ 0.  -0.5  0.   0. ]
2025-10-06 22:49:35,858 - INFO - Column for nullspace basis after setting free variable 1 is: [ 0.  -0.5  0.   1. ]
2025-10-06 22:49:35,858 - INFO - N_perm after setting column for free variable 1 is: [[-0.5  0. ]
 [-0.5 -0.5]
 [ 1.   0. ]
 [ 0.   1. ]]
2025-10-06 22:49:35,859 - INFO - Nullspace basis after unpermuting (nullspace) is: [[ 0.   1. ]
 [-0.5 -0.5]
 [ 1.   0. ]
 [-0.5  0. ]]
2025-10-06 22:49:35,859 - INFO - Solution x is: [ 0.   -0.25  0.    0.75]
2025-10-06 22:49:35,859 - INFO - Nullspace N is: [[ 0.   1. ]
 [-0.5 -0.5]
 [ 1.   0. ]
 [-0.5  0. ]]
2025-10-06 23:14:57,955 - INFO - Solving system with matrix A of shape (4, 3) and vector b of shape (4,)
2025-10-06 23:14:57,957 - INFO - P is: [[0. 0. 1. 0.]
 [0. 1. 0. 0.]
 [1. 0. 0. 0.]
 [0. 0. 0. 1.]]
2025-10-06 23:14:57,957 - INFO - A is: [[ 1.  2.  2.]
 [ 2.  4.  8.]
 [ 3.  6. 10.]
 [ 0.  0.  0.]]
2025-10-06 23:14:57,957 - INFO - Q is: [[0. 0. 1.]
 [0. 1. 0.]
 [1. 0. 0.]]
2025-10-06 23:14:57,957 - INFO - L is: [[ 1.   0. ]
 [ 0.8  1. ]
 [ 0.2 -1. ]
 [ 0.  -0. ]]
2025-10-06 23:14:57,957 - INFO - U is: [[10.   6.   3. ]
 [ 0.  -0.8 -0.4]]
2025-10-06 23:14:57,958 - INFO - Decomposition complete. Rank: 2
2025-10-06 23:14:57,958 - INFO - L11 is: [[1.  0. ]
 [0.8 1. ]]
2025-10-06 23:14:57,958 - INFO - U11 is: [[10.   6. ]
 [ 0.  -0.8]]
2025-10-06 23:14:57,958 - INFO - U12 is: [[ 3. ]
 [-0.4]]
2025-10-06 23:14:57,958 - INFO - Permuted b (Pb) is: [6. 5. 1. 2.]
2025-10-06 23:14:57,958 - INFO - Intermediate solution y after forward substitution is: [6.  0.2]
2025-10-06 23:14:57,958 - INFO - Basic solution x_basic after back substitution is: [ 0.75 -0.25]
2025-10-06 23:14:57,958 - INFO - Initialized x_perm with zeros: [0. 0. 0.]
2025-10-06 23:14:57,958 - INFO - x_perm after assigning x_basic: [ 0.75 -0.25  0.  ]
2025-10-06 23:14:57,958 - INFO - Particular solution x_particular after unpermuting: [ 0.   -0.25  0.75]
2025-10-06 23:14:57,958 - INFO - Nullspace dimension (k) is: 1
2025-10-06 23:14:57,958 - INFO - Initialized N_perm with zeros: [[0.]
 [0.]
 [0.]]
2025-10-06 23:14:57,958 - INFO - RHS for nullspace computation (rhs_ns) for free variable 0 is: [-3.   0.4]
2025-10-06 23:14:57,958 - INFO - Solution w for free variable 0 is: [ 0.  -0.5]
2025-10-06 23:14:57,958 - INFO - Column for nullspace basis before setting free variable 0 is: [ 0.  -0.5  0. ]
2025-10-06 23:14:57,958 - INFO - Column for nullspace basis after setting free variable 0 is: [ 0.  -0.5  1. ]
2025-10-06 23:14:57,959 - INFO - N_perm after setting column for free variable 0 is: [[ 0. ]
 [-0.5]
 [ 1. ]]
2025-10-06 23:14:57,959 - INFO - Nullspace basis after unpermuting (nullspace) is: [[ 1. ]
 [-0.5]
 [ 0. ]]
2025-10-06 23:14:57,959 - INFO - Solution x is: [ 0.   -0.25  0.75]
2025-10-06 23:14:57,959 - INFO - Nullspace N is: [[ 1. ]
 [-0.5]
 [ 0. ]]
2025-10-06 23:15:17,564 - INFO - Solving system with matrix A of shape (4, 3) and vector b of shape (4,)
2025-10-06 23:15:17,566 - INFO - P is: [[0. 0. 1. 0.]
 [0. 1. 0. 0.]
 [1. 0. 0. 0.]
 [0. 0. 0. 1.]]
2025-10-06 23:15:17,566 - INFO - A is: [[ 1.  2.  2.]
 [ 2.  4.  8.]
 [ 3.  6. 10.]
 [ 0.  0.  0.]]
2025-10-06 23:15:17,566 - INFO - Q is: [[0. 0. 1.]
 [0. 1. 0.]
 [1. 0. 0.]]
2025-10-06 23:15:17,566 - INFO - L is: [[ 1.   0. ]
 [ 0.8  1. ]
 [ 0.2 -1. ]
 [ 0.  -0. ]]
2025-10-06 23:15:17,566 - INFO - U is: [[10.   6.   3. ]
 [ 0.  -0.8 -0.4]]
2025-10-06 23:15:17,566 - INFO - Decomposition complete. Rank: 2
2025-10-06 23:15:17,566 - INFO - L11 is: [[1.  0. ]
 [0.8 1. ]]
2025-10-06 23:15:17,567 - INFO - U11 is: [[10.   6. ]
 [ 0.  -0.8]]
2025-10-06 23:15:17,567 - INFO - U12 is: [[ 3. ]
 [-0.4]]
2025-10-06 23:15:17,567 - INFO - Permuted b (Pb) is: [6. 5. 1. 2.]
2025-10-06 23:15:17,567 - INFO - Intermediate solution y after forward substitution is: [6.  0.2]
2025-10-06 23:15:17,567 - INFO - Basic solution x_basic after back substitution is: [ 0.75 -0.25]
2025-10-06 23:15:17,567 - INFO - Initialized x_perm with zeros: [0. 0. 0.]
2025-10-06 23:15:17,567 - INFO - x_perm after assigning x_basic: [ 0.75 -0.25  0.  ]
2025-10-06 23:15:17,567 - INFO - Particular solution x_particular after unpermuting: [ 0.   -0.25  0.75]
2025-10-06 23:15:17,567 - INFO - Nullspace dimension (k) is: 1
2025-10-06 23:15:17,567 - INFO - Initialized N_perm with zeros: [[0.]
 [0.]
 [0.]]
2025-10-06 23:15:17,567 - INFO - RHS for nullspace computation (rhs_ns) for free variable 0 is: [-3.   0.4]
2025-10-06 23:15:17,567 - INFO - Solution w for free variable 0 is: [ 0.  -0.5]
2025-10-06 23:15:17,567 - INFO - Column for nullspace basis before setting free variable 0 is: [ 0.  -0.5  0. ]
2025-10-06 23:15:17,567 - INFO - Column for nullspace basis after setting free variable 0 is: [ 0.  -0.5  1. ]
2025-10-06 23:15:17,567 - INFO - N_perm after setting column for free variable 0 is: [[ 0. ]
 [-0.5]
 [ 1. ]]
2025-10-06 23:15:17,568 - INFO - Nullspace basis after unpermuting (nullspace) is: [[ 1. ]
 [-0.5]
 [ 0. ]]
2025-10-06 23:15:17,571 - INFO - Solution x is: [ 0.   -0.25  0.75]
2025-10-06 23:15:17,572 - INFO - Nullspace N is: [[ 1. ]
 [-0.5]
 [ 0. ]]
